<?xml version="1.0" encoding="UTF-8"?>
<testng-results ignored="0" total="2" passed="2" failed="0" skipped="0">
  <reporter-output>
  </reporter-output>
  <suite started-at="2022-09-21T21:05:31 IST" name="Suite" finished-at="2022-09-21T21:05:57 IST" duration-ms="25842">
    <groups>
    </groups>
    <test started-at="2022-09-21T21:05:31 IST" name="Test" finished-at="2022-09-21T21:05:57 IST" duration-ms="25842">
      <class name="testCases.MyFirstTest2">
        <test-method is-config="true" signature="setUp()[pri:0, instance:testCases.MyFirstTest2@4686afc2]" started-at="2022-09-21T21:05:31 IST" name="setUp" finished-at="2022-09-21T21:05:35 IST" duration-ms="4189" status="PASS">
          <reporter-output>
          </reporter-output>
        </test-method> <!-- setUp -->
        <test-method signature="loginTest1()[pri:0, instance:testCases.MyFirstTest2@4686afc2]" started-at="2022-09-21T21:05:35 IST" name="loginTest1" finished-at="2022-09-21T21:05:42 IST" duration-ms="6731" status="PASS">
          <reporter-output>
          </reporter-output>
        </test-method> <!-- loginTest1 -->
        <test-method is-config="true" signature="tearDown()[pri:0, instance:testCases.MyFirstTest2@4686afc2]" started-at="2022-09-21T21:05:42 IST" name="tearDown" finished-at="2022-09-21T21:05:45 IST" duration-ms="2750" status="PASS">
          <reporter-output>
          </reporter-output>
        </test-method> <!-- tearDown -->
        <test-method is-config="true" signature="setUp()[pri:0, instance:testCases.MyFirstTest2@4686afc2]" started-at="2022-09-21T21:05:45 IST" name="setUp" finished-at="2022-09-21T21:05:48 IST" duration-ms="2944" status="PASS">
          <reporter-output>
          </reporter-output>
        </test-method> <!-- setUp -->
        <test-method signature="loginTest2()[pri:0, instance:testCases.MyFirstTest2@4686afc2]" started-at="2022-09-21T21:05:48 IST" name="loginTest2" finished-at="2022-09-21T21:05:54 IST" duration-ms="6693" status="PASS">
          <reporter-output>
          </reporter-output>
        </test-method> <!-- loginTest2 -->
        <test-method is-config="true" signature="tearDown()[pri:0, instance:testCases.MyFirstTest2@4686afc2]" started-at="2022-09-21T21:05:54 IST" name="tearDown" finished-at="2022-09-21T21:05:57 IST" duration-ms="2491" status="PASS">
          <reporter-output>
          </reporter-output>
        </test-method> <!-- tearDown -->
      </class> <!-- testCases.MyFirstTest2 -->
    </test> <!-- Test -->
  </suite> <!-- Suite -->
</testng-results>
